<?xml version="1.0" encoding="UTF-8"?>
<testsuite name="complete the form" tests="1" skipped="0" failures="1" errors="0" timestamp="2024-08-07T20:14:39" hostname="QV-3985" time="0.4">
  <properties/>
  <testcase name="complete form" classname="complete the form" time="0.4">
    <failure message="io.cucumber.junit.UndefinedStepException: The step &quot;the user enter the home page&quot; is undefined. You can implement it using the snippet(s) below:&#10;&#10;@Given(&quot;the user enter the home page&quot;)&#10;public void theUserEnterTheHomePage() {&#10;    // Write code here that turns the phrase above into concrete actions&#10;    throw new io.cucumber.java.PendingException();&#10;}&#10;&#10;&#10;Some other steps were also undefined:&#10;&#10;@When(&quot;the user enther the txtbox&quot;)&#10;public void theUserEntherTheTxtbox() {&#10;    // Write code here that turns the phrase above into concrete actions&#10;    throw new io.cucumber.java.PendingException();&#10;}&#10;@When(&quot;the user click in the button&quot;)&#10;public void theUserClickInTheButton() {&#10;    // Write code here that turns the phrase above into concrete actions&#10;    throw new io.cucumber.java.PendingException();&#10;}&#10;@When(&quot;the user double click in the second button&quot;)&#10;public void theUserDoubleClickInTheSecondButton() {&#10;    // Write code here that turns the phrase above into concrete actions&#10;    throw new io.cucumber.java.PendingException();&#10;}&#10;@When(&quot;the user select radio button&quot;)&#10;public void theUserSelectRadioButton() {&#10;    // Write code here that turns the phrase above into concrete actions&#10;    throw new io.cucumber.java.PendingException();&#10;}&#10;@When(&quot;the user select checkbox&quot;)&#10;public void theUserSelectCheckbox() {&#10;    // Write code here that turns the phrase above into concrete actions&#10;    throw new io.cucumber.java.PendingException();&#10;}&#10;@When(&quot;the user select dropdown&quot;)&#10;public void theUserSelectDropdown() {&#10;    // Write code here that turns the phrase above into concrete actions&#10;    throw new io.cucumber.java.PendingException();&#10;}&#10;@When(&quot;the user generate alert&quot;)&#10;public void theUserGenerateAlert() {&#10;    // Write code here that turns the phrase above into concrete actions&#10;    throw new io.cucumber.java.PendingException();&#10;}&#10;@When(&quot;the user generate confirm alert&quot;)&#10;public void theUserGenerateConfirmAlert() {&#10;    // Write code here that turns the phrase above into concrete actions&#10;    throw new io.cucumber.java.PendingException();&#10;}&#10;@Then(&quot;the user finish process&quot;)&#10;public void theUserFinishProcess() {&#10;    // Write code here that turns the phrase above into concrete actions&#10;    throw new io.cucumber.java.PendingException();&#10;}&#10;" type="io.cucumber.junit.UndefinedStepException">io.cucumber.junit.UndefinedStepException: The step &quot;the user enter the home page&quot; is undefined. You can implement it using the snippet(s) below:

@Given(&quot;the user enter the home page&quot;)
public void theUserEnterTheHomePage() {
    // Write code here that turns the phrase above into concrete actions
    throw new io.cucumber.java.PendingException();
}


Some other steps were also undefined:

@When(&quot;the user enther the txtbox&quot;)
public void theUserEntherTheTxtbox() {
    // Write code here that turns the phrase above into concrete actions
    throw new io.cucumber.java.PendingException();
}
@When(&quot;the user click in the button&quot;)
public void theUserClickInTheButton() {
    // Write code here that turns the phrase above into concrete actions
    throw new io.cucumber.java.PendingException();
}
@When(&quot;the user double click in the second button&quot;)
public void theUserDoubleClickInTheSecondButton() {
    // Write code here that turns the phrase above into concrete actions
    throw new io.cucumber.java.PendingException();
}
@When(&quot;the user select radio button&quot;)
public void theUserSelectRadioButton() {
    // Write code here that turns the phrase above into concrete actions
    throw new io.cucumber.java.PendingException();
}
@When(&quot;the user select checkbox&quot;)
public void theUserSelectCheckbox() {
    // Write code here that turns the phrase above into concrete actions
    throw new io.cucumber.java.PendingException();
}
@When(&quot;the user select dropdown&quot;)
public void theUserSelectDropdown() {
    // Write code here that turns the phrase above into concrete actions
    throw new io.cucumber.java.PendingException();
}
@When(&quot;the user generate alert&quot;)
public void theUserGenerateAlert() {
    // Write code here that turns the phrase above into concrete actions
    throw new io.cucumber.java.PendingException();
}
@When(&quot;the user generate confirm alert&quot;)
public void theUserGenerateConfirmAlert() {
    // Write code here that turns the phrase above into concrete actions
    throw new io.cucumber.java.PendingException();
}
@Then(&quot;the user finish process&quot;)
public void theUserFinishProcess() {
    // Write code here that turns the phrase above into concrete actions
    throw new io.cucumber.java.PendingException();
}

</failure>
  </testcase>
  <system-out><![CDATA[]]></system-out>
  <system-err><![CDATA[[Test worker] INFO io.cucumber.core.plugin.SerenityReporter - Running feature from file:///C:/Users/KevinDavidAnayaNegre/Documents/POM/art-of-testing/src/test/resources/features/completeForm.feature
[Test worker] INFO  - 
 _____ _____ ____ _____   ____ _____  _    ____ _____ _____ ____  
|_   _| ____/ ___|_   _| / ___|_   _|/ \  |  _ \_   _| ____|  _ \ 
  | | |  _| \___ \ | |   \___ \ | | / _ \ | |_) || | |  _| | | | |
  | | | |___ ___) || |    ___) || |/ ___ \|  _ < | | | |___| |_| |
  |_| |_____|____/ |_|   |____/ |_/_/   \_\_| \_\|_| |_____|____/ 

complete form(complete-the-form;complete-form)
-------------------------------------------------------------------
[Test worker] INFO  - 
          __  _____ _____ ____ _____   ____  _____ _   _ ____ ___ _   _  ____ 
 _       / / |_   _| ____/ ___|_   _| |  _ \| ____| \ | |  _ \_ _| \ | |/ ___|
(_)____ / /    | | |  _| \___ \ | |   | |_) |  _| |  \| | | | | ||  \| | |  _ 
 |_____/ /     | | | |___ ___) || |   |  __/| |___| |\  | |_| | || |\  | |_| |
(_)   /_/      |_| |_____|____/ |_|   |_|   |_____|_| \_|____/___|_| \_|\____|

complete form
-------------------------------------------------------------------------------
]]></system-err>
</testsuite>
